nohup: ignoring input
INFO:     Started server process [705844]
INFO:     Waiting for application startup.
INFO:     Application startup complete.
INFO:     Uvicorn running on http://0.0.0.0:8000 (Press CTRL+C to quit)
ERROR:root:Global exception: name 'ReferenceDataDAO' is not defined
  + Exception Group Traceback (most recent call last):
  |   File "/home/ben/CU_PPP/backend/tmp_venv/lib/python3.11/site-packages/starlette/_utils.py", line 76, in collapse_excgroups
  |     yield
  |   File "/home/ben/CU_PPP/backend/tmp_venv/lib/python3.11/site-packages/starlette/middleware/base.py", line 178, in __call__
  |     async with anyio.create_task_group() as task_group:
  |   File "/home/ben/CU_PPP/backend/tmp_venv/lib/python3.11/site-packages/anyio/_backends/_asyncio.py", line 767, in __aexit__
  |     raise BaseExceptionGroup(
  | ExceptionGroup: unhandled errors in a TaskGroup (1 sub-exception)
  +-+---------------- 1 ----------------
    | Traceback (most recent call last):
    |   File "/home/ben/CU_PPP/backend/tmp_venv/lib/python3.11/site-packages/starlette/middleware/errors.py", line 165, in __call__
    |     await self.app(scope, receive, _send)
    |   File "/home/ben/CU_PPP/backend/tmp_venv/lib/python3.11/site-packages/starlette/middleware/cors.py", line 85, in __call__
    |     await self.app(scope, receive, send)
    |   File "/home/ben/CU_PPP/backend/tmp_venv/lib/python3.11/site-packages/starlette/middleware/base.py", line 177, in __call__
    |     with recv_stream, send_stream, collapse_excgroups():
    |   File "/usr/lib/python3.11/contextlib.py", line 155, in __exit__
    |     self.gen.throw(typ, value, traceback)
    |   File "/home/ben/CU_PPP/backend/tmp_venv/lib/python3.11/site-packages/starlette/_utils.py", line 82, in collapse_excgroups
    |     raise exc
    |   File "/home/ben/CU_PPP/backend/tmp_venv/lib/python3.11/site-packages/starlette/middleware/base.py", line 179, in __call__
    |     response = await self.dispatch_func(request, call_next)
    |                ^^^^^^^^^^^^^^^^^^^^^^^^^^^^^^^^^^^^^^^^^^^^
    |   File "/home/ben/CU_PPP/backend/oc4ids_datastore_api/middleware.py", line 17, in dispatch
    |     response = await call_next(request)
    |                ^^^^^^^^^^^^^^^^^^^^^^^^
    |   File "/home/ben/CU_PPP/backend/tmp_venv/lib/python3.11/site-packages/starlette/middleware/base.py", line 154, in call_next
    |     raise app_exc
    |   File "/home/ben/CU_PPP/backend/tmp_venv/lib/python3.11/site-packages/starlette/middleware/base.py", line 141, in coro
    |     await self.app(scope, receive_or_disconnect, send_no_error)
    |   File "/home/ben/CU_PPP/backend/tmp_venv/lib/python3.11/site-packages/starlette/middleware/exceptions.py", line 62, in __call__
    |     await wrap_app_handling_exceptions(self.app, conn)(scope, receive, send)
    |   File "/home/ben/CU_PPP/backend/tmp_venv/lib/python3.11/site-packages/starlette/_exception_handler.py", line 53, in wrapped_app
    |     raise exc
    |   File "/home/ben/CU_PPP/backend/tmp_venv/lib/python3.11/site-packages/starlette/_exception_handler.py", line 42, in wrapped_app
    |     await app(scope, receive, sender)
    |   File "/home/ben/CU_PPP/backend/tmp_venv/lib/python3.11/site-packages/starlette/routing.py", line 715, in __call__
    |     await self.middleware_stack(scope, receive, send)
    |   File "/home/ben/CU_PPP/backend/tmp_venv/lib/python3.11/site-packages/starlette/routing.py", line 735, in app
    |     await route.handle(scope, receive, send)
    |   File "/home/ben/CU_PPP/backend/tmp_venv/lib/python3.11/site-packages/starlette/routing.py", line 288, in handle
    |     await self.app(scope, receive, send)
    |   File "/home/ben/CU_PPP/backend/tmp_venv/lib/python3.11/site-packages/starlette/routing.py", line 76, in app
    |     await wrap_app_handling_exceptions(app, request)(scope, receive, send)
    |   File "/home/ben/CU_PPP/backend/tmp_venv/lib/python3.11/site-packages/starlette/_exception_handler.py", line 53, in wrapped_app
    |     raise exc
    |   File "/home/ben/CU_PPP/backend/tmp_venv/lib/python3.11/site-packages/starlette/_exception_handler.py", line 42, in wrapped_app
    |     await app(scope, receive, sender)
    |   File "/home/ben/CU_PPP/backend/tmp_venv/lib/python3.11/site-packages/starlette/routing.py", line 73, in app
    |     response = await f(request)
    |                ^^^^^^^^^^^^^^^^
    |   File "/home/ben/CU_PPP/backend/tmp_venv/lib/python3.11/site-packages/fastapi/routing.py", line 301, in app
    |     raw_response = await run_endpoint_function(
    |                    ^^^^^^^^^^^^^^^^^^^^^^^^^^^^
    |   File "/home/ben/CU_PPP/backend/tmp_venv/lib/python3.11/site-packages/fastapi/routing.py", line 214, in run_endpoint_function
    |     return await run_in_threadpool(dependant.call, **values)
    |            ^^^^^^^^^^^^^^^^^^^^^^^^^^^^^^^^^^^^^^^^^^^^^^^^^
    |   File "/home/ben/CU_PPP/backend/tmp_venv/lib/python3.11/site-packages/starlette/concurrency.py", line 37, in run_in_threadpool
    |     return await anyio.to_thread.run_sync(func)
    |            ^^^^^^^^^^^^^^^^^^^^^^^^^^^^^^^^^^^^
    |   File "/home/ben/CU_PPP/backend/tmp_venv/lib/python3.11/site-packages/anyio/to_thread.py", line 56, in run_sync
    |     return await get_async_backend().run_sync_in_worker_thread(
    |            ^^^^^^^^^^^^^^^^^^^^^^^^^^^^^^^^^^^^^^^^^^^^^^^^^^^^
    |   File "/home/ben/CU_PPP/backend/tmp_venv/lib/python3.11/site-packages/anyio/_backends/_asyncio.py", line 2461, in run_sync_in_worker_thread
    |     return await future
    |            ^^^^^^^^^^^^
    |   File "/home/ben/CU_PPP/backend/tmp_venv/lib/python3.11/site-packages/anyio/_backends/_asyncio.py", line 962, in run
    |     result = context.run(func, *args)
    |              ^^^^^^^^^^^^^^^^^^^^^^^^
    |   File "/home/ben/CU_PPP/backend/oc4ids_datastore_api/controllers.py", line 100, in get_info
    |     return get_reference_info(session)
    |            ^^^^^^^^^^^^^^^^^^^^^^^^^^^
    |   File "/home/ben/CU_PPP/backend/oc4ids_datastore_api/services.py", line 805, in get_reference_info
    |     dao = ReferenceDataDAO(session)
    |           ^^^^^^^^^^^^^^^^
    | NameError: name 'ReferenceDataDAO' is not defined
    +------------------------------------

During handling of the above exception, another exception occurred:

Traceback (most recent call last):
  File "/home/ben/CU_PPP/backend/tmp_venv/lib/python3.11/site-packages/starlette/middleware/errors.py", line 165, in __call__
    await self.app(scope, receive, _send)
  File "/home/ben/CU_PPP/backend/tmp_venv/lib/python3.11/site-packages/starlette/middleware/cors.py", line 85, in __call__
    await self.app(scope, receive, send)
  File "/home/ben/CU_PPP/backend/tmp_venv/lib/python3.11/site-packages/starlette/middleware/base.py", line 177, in __call__
    with recv_stream, send_stream, collapse_excgroups():
  File "/usr/lib/python3.11/contextlib.py", line 155, in __exit__
    self.gen.throw(typ, value, traceback)
  File "/home/ben/CU_PPP/backend/tmp_venv/lib/python3.11/site-packages/starlette/_utils.py", line 82, in collapse_excgroups
    raise exc
  File "/home/ben/CU_PPP/backend/tmp_venv/lib/python3.11/site-packages/starlette/middleware/base.py", line 179, in __call__
    response = await self.dispatch_func(request, call_next)
               ^^^^^^^^^^^^^^^^^^^^^^^^^^^^^^^^^^^^^^^^^^^^
  File "/home/ben/CU_PPP/backend/oc4ids_datastore_api/middleware.py", line 17, in dispatch
    response = await call_next(request)
               ^^^^^^^^^^^^^^^^^^^^^^^^
  File "/home/ben/CU_PPP/backend/tmp_venv/lib/python3.11/site-packages/starlette/middleware/base.py", line 154, in call_next
    raise app_exc
  File "/home/ben/CU_PPP/backend/tmp_venv/lib/python3.11/site-packages/starlette/middleware/base.py", line 141, in coro
    await self.app(scope, receive_or_disconnect, send_no_error)
  File "/home/ben/CU_PPP/backend/tmp_venv/lib/python3.11/site-packages/starlette/middleware/exceptions.py", line 62, in __call__
    await wrap_app_handling_exceptions(self.app, conn)(scope, receive, send)
  File "/home/ben/CU_PPP/backend/tmp_venv/lib/python3.11/site-packages/starlette/_exception_handler.py", line 53, in wrapped_app
    raise exc
  File "/home/ben/CU_PPP/backend/tmp_venv/lib/python3.11/site-packages/starlette/_exception_handler.py", line 42, in wrapped_app
    await app(scope, receive, sender)
  File "/home/ben/CU_PPP/backend/tmp_venv/lib/python3.11/site-packages/starlette/routing.py", line 715, in __call__
    await self.middleware_stack(scope, receive, send)
  File "/home/ben/CU_PPP/backend/tmp_venv/lib/python3.11/site-packages/starlette/routing.py", line 735, in app
    await route.handle(scope, receive, send)
  File "/home/ben/CU_PPP/backend/tmp_venv/lib/python3.11/site-packages/starlette/routing.py", line 288, in handle
    await self.app(scope, receive, send)
  File "/home/ben/CU_PPP/backend/tmp_venv/lib/python3.11/site-packages/starlette/routing.py", line 76, in app
    await wrap_app_handling_exceptions(app, request)(scope, receive, send)
  File "/home/ben/CU_PPP/backend/tmp_venv/lib/python3.11/site-packages/starlette/_exception_handler.py", line 53, in wrapped_app
    raise exc
  File "/home/ben/CU_PPP/backend/tmp_venv/lib/python3.11/site-packages/starlette/_exception_handler.py", line 42, in wrapped_app
    await app(scope, receive, sender)
  File "/home/ben/CU_PPP/backend/tmp_venv/lib/python3.11/site-packages/starlette/routing.py", line 73, in app
    response = await f(request)
               ^^^^^^^^^^^^^^^^
  File "/home/ben/CU_PPP/backend/tmp_venv/lib/python3.11/site-packages/fastapi/routing.py", line 301, in app
    raw_response = await run_endpoint_function(
                   ^^^^^^^^^^^^^^^^^^^^^^^^^^^^
  File "/home/ben/CU_PPP/backend/tmp_venv/lib/python3.11/site-packages/fastapi/routing.py", line 214, in run_endpoint_function
    return await run_in_threadpool(dependant.call, **values)
           ^^^^^^^^^^^^^^^^^^^^^^^^^^^^^^^^^^^^^^^^^^^^^^^^^
  File "/home/ben/CU_PPP/backend/tmp_venv/lib/python3.11/site-packages/starlette/concurrency.py", line 37, in run_in_threadpool
    return await anyio.to_thread.run_sync(func)
           ^^^^^^^^^^^^^^^^^^^^^^^^^^^^^^^^^^^^
  File "/home/ben/CU_PPP/backend/tmp_venv/lib/python3.11/site-packages/anyio/to_thread.py", line 56, in run_sync
    return await get_async_backend().run_sync_in_worker_thread(
           ^^^^^^^^^^^^^^^^^^^^^^^^^^^^^^^^^^^^^^^^^^^^^^^^^^^^
  File "/home/ben/CU_PPP/backend/tmp_venv/lib/python3.11/site-packages/anyio/_backends/_asyncio.py", line 2461, in run_sync_in_worker_thread
    return await future
           ^^^^^^^^^^^^
  File "/home/ben/CU_PPP/backend/tmp_venv/lib/python3.11/site-packages/anyio/_backends/_asyncio.py", line 962, in run
    result = context.run(func, *args)
             ^^^^^^^^^^^^^^^^^^^^^^^^
  File "/home/ben/CU_PPP/backend/oc4ids_datastore_api/controllers.py", line 100, in get_info
    return get_reference_info(session)
           ^^^^^^^^^^^^^^^^^^^^^^^^^^^
  File "/home/ben/CU_PPP/backend/oc4ids_datastore_api/services.py", line 805, in get_reference_info
    dao = ReferenceDataDAO(session)
          ^^^^^^^^^^^^^^^^
NameError: name 'ReferenceDataDAO' is not defined
INFO:     127.0.0.1:60044 - "GET /api/v1/info HTTP/1.1" 500 Internal Server Error
ERROR:    Exception in ASGI application
  + Exception Group Traceback (most recent call last):
  |   File "/home/ben/CU_PPP/backend/tmp_venv/lib/python3.11/site-packages/starlette/_utils.py", line 76, in collapse_excgroups
  |     yield
  |   File "/home/ben/CU_PPP/backend/tmp_venv/lib/python3.11/site-packages/starlette/middleware/base.py", line 178, in __call__
  |     async with anyio.create_task_group() as task_group:
  |   File "/home/ben/CU_PPP/backend/tmp_venv/lib/python3.11/site-packages/anyio/_backends/_asyncio.py", line 767, in __aexit__
  |     raise BaseExceptionGroup(
  | ExceptionGroup: unhandled errors in a TaskGroup (1 sub-exception)
  +-+---------------- 1 ----------------
    | Traceback (most recent call last):
    |   File "/home/ben/CU_PPP/backend/tmp_venv/lib/python3.11/site-packages/uvicorn/protocols/http/httptools_impl.py", line 409, in run_asgi
    |     result = await app(  # type: ignore[func-returns-value]
    |              ^^^^^^^^^^^^^^^^^^^^^^^^^^^^^^^^^^^^^^^^^^^^^^
    |   File "/home/ben/CU_PPP/backend/tmp_venv/lib/python3.11/site-packages/uvicorn/middleware/proxy_headers.py", line 60, in __call__
    |     return await self.app(scope, receive, send)
    |            ^^^^^^^^^^^^^^^^^^^^^^^^^^^^^^^^^^^^
    |   File "/home/ben/CU_PPP/backend/tmp_venv/lib/python3.11/site-packages/fastapi/applications.py", line 1054, in __call__
    |     await super().__call__(scope, receive, send)
    |   File "/home/ben/CU_PPP/backend/tmp_venv/lib/python3.11/site-packages/starlette/applications.py", line 112, in __call__
    |     await self.middleware_stack(scope, receive, send)
    |   File "/home/ben/CU_PPP/backend/tmp_venv/lib/python3.11/site-packages/starlette/middleware/errors.py", line 187, in __call__
    |     raise exc
    |   File "/home/ben/CU_PPP/backend/tmp_venv/lib/python3.11/site-packages/starlette/middleware/errors.py", line 165, in __call__
    |     await self.app(scope, receive, _send)
    |   File "/home/ben/CU_PPP/backend/tmp_venv/lib/python3.11/site-packages/starlette/middleware/cors.py", line 85, in __call__
    |     await self.app(scope, receive, send)
    |   File "/home/ben/CU_PPP/backend/tmp_venv/lib/python3.11/site-packages/starlette/middleware/base.py", line 177, in __call__
    |     with recv_stream, send_stream, collapse_excgroups():
    |   File "/usr/lib/python3.11/contextlib.py", line 155, in __exit__
    |     self.gen.throw(typ, value, traceback)
    |   File "/home/ben/CU_PPP/backend/tmp_venv/lib/python3.11/site-packages/starlette/_utils.py", line 82, in collapse_excgroups
    |     raise exc
    |   File "/home/ben/CU_PPP/backend/tmp_venv/lib/python3.11/site-packages/starlette/middleware/base.py", line 179, in __call__
    |     response = await self.dispatch_func(request, call_next)
    |                ^^^^^^^^^^^^^^^^^^^^^^^^^^^^^^^^^^^^^^^^^^^^
    |   File "/home/ben/CU_PPP/backend/oc4ids_datastore_api/middleware.py", line 17, in dispatch
    |     response = await call_next(request)
    |                ^^^^^^^^^^^^^^^^^^^^^^^^
    |   File "/home/ben/CU_PPP/backend/tmp_venv/lib/python3.11/site-packages/starlette/middleware/base.py", line 154, in call_next
    |     raise app_exc
    |   File "/home/ben/CU_PPP/backend/tmp_venv/lib/python3.11/site-packages/starlette/middleware/base.py", line 141, in coro
    |     await self.app(scope, receive_or_disconnect, send_no_error)
    |   File "/home/ben/CU_PPP/backend/tmp_venv/lib/python3.11/site-packages/starlette/middleware/exceptions.py", line 62, in __call__
    |     await wrap_app_handling_exceptions(self.app, conn)(scope, receive, send)
    |   File "/home/ben/CU_PPP/backend/tmp_venv/lib/python3.11/site-packages/starlette/_exception_handler.py", line 53, in wrapped_app
    |     raise exc
    |   File "/home/ben/CU_PPP/backend/tmp_venv/lib/python3.11/site-packages/starlette/_exception_handler.py", line 42, in wrapped_app
    |     await app(scope, receive, sender)
    |   File "/home/ben/CU_PPP/backend/tmp_venv/lib/python3.11/site-packages/starlette/routing.py", line 715, in __call__
    |     await self.middleware_stack(scope, receive, send)
    |   File "/home/ben/CU_PPP/backend/tmp_venv/lib/python3.11/site-packages/starlette/routing.py", line 735, in app
    |     await route.handle(scope, receive, send)
    |   File "/home/ben/CU_PPP/backend/tmp_venv/lib/python3.11/site-packages/starlette/routing.py", line 288, in handle
    |     await self.app(scope, receive, send)
    |   File "/home/ben/CU_PPP/backend/tmp_venv/lib/python3.11/site-packages/starlette/routing.py", line 76, in app
    |     await wrap_app_handling_exceptions(app, request)(scope, receive, send)
    |   File "/home/ben/CU_PPP/backend/tmp_venv/lib/python3.11/site-packages/starlette/_exception_handler.py", line 53, in wrapped_app
    |     raise exc
    |   File "/home/ben/CU_PPP/backend/tmp_venv/lib/python3.11/site-packages/starlette/_exception_handler.py", line 42, in wrapped_app
    |     await app(scope, receive, sender)
    |   File "/home/ben/CU_PPP/backend/tmp_venv/lib/python3.11/site-packages/starlette/routing.py", line 73, in app
    |     response = await f(request)
    |                ^^^^^^^^^^^^^^^^
    |   File "/home/ben/CU_PPP/backend/tmp_venv/lib/python3.11/site-packages/fastapi/routing.py", line 301, in app
    |     raw_response = await run_endpoint_function(
    |                    ^^^^^^^^^^^^^^^^^^^^^^^^^^^^
    |   File "/home/ben/CU_PPP/backend/tmp_venv/lib/python3.11/site-packages/fastapi/routing.py", line 214, in run_endpoint_function
    |     return await run_in_threadpool(dependant.call, **values)
    |            ^^^^^^^^^^^^^^^^^^^^^^^^^^^^^^^^^^^^^^^^^^^^^^^^^
    |   File "/home/ben/CU_PPP/backend/tmp_venv/lib/python3.11/site-packages/starlette/concurrency.py", line 37, in run_in_threadpool
    |     return await anyio.to_thread.run_sync(func)
    |            ^^^^^^^^^^^^^^^^^^^^^^^^^^^^^^^^^^^^
    |   File "/home/ben/CU_PPP/backend/tmp_venv/lib/python3.11/site-packages/anyio/to_thread.py", line 56, in run_sync
    |     return await get_async_backend().run_sync_in_worker_thread(
    |            ^^^^^^^^^^^^^^^^^^^^^^^^^^^^^^^^^^^^^^^^^^^^^^^^^^^^
    |   File "/home/ben/CU_PPP/backend/tmp_venv/lib/python3.11/site-packages/anyio/_backends/_asyncio.py", line 2461, in run_sync_in_worker_thread
    |     return await future
    |            ^^^^^^^^^^^^
    |   File "/home/ben/CU_PPP/backend/tmp_venv/lib/python3.11/site-packages/anyio/_backends/_asyncio.py", line 962, in run
    |     result = context.run(func, *args)
    |              ^^^^^^^^^^^^^^^^^^^^^^^^
    |   File "/home/ben/CU_PPP/backend/oc4ids_datastore_api/controllers.py", line 100, in get_info
    |     return get_reference_info(session)
    |            ^^^^^^^^^^^^^^^^^^^^^^^^^^^
    |   File "/home/ben/CU_PPP/backend/oc4ids_datastore_api/services.py", line 805, in get_reference_info
    |     dao = ReferenceDataDAO(session)
    |           ^^^^^^^^^^^^^^^^
    | NameError: name 'ReferenceDataDAO' is not defined
    +------------------------------------

During handling of the above exception, another exception occurred:

Traceback (most recent call last):
  File "/home/ben/CU_PPP/backend/tmp_venv/lib/python3.11/site-packages/uvicorn/protocols/http/httptools_impl.py", line 409, in run_asgi
    result = await app(  # type: ignore[func-returns-value]
             ^^^^^^^^^^^^^^^^^^^^^^^^^^^^^^^^^^^^^^^^^^^^^^
  File "/home/ben/CU_PPP/backend/tmp_venv/lib/python3.11/site-packages/uvicorn/middleware/proxy_headers.py", line 60, in __call__
    return await self.app(scope, receive, send)
           ^^^^^^^^^^^^^^^^^^^^^^^^^^^^^^^^^^^^
  File "/home/ben/CU_PPP/backend/tmp_venv/lib/python3.11/site-packages/fastapi/applications.py", line 1054, in __call__
    await super().__call__(scope, receive, send)
  File "/home/ben/CU_PPP/backend/tmp_venv/lib/python3.11/site-packages/starlette/applications.py", line 112, in __call__
    await self.middleware_stack(scope, receive, send)
  File "/home/ben/CU_PPP/backend/tmp_venv/lib/python3.11/site-packages/starlette/middleware/errors.py", line 187, in __call__
    raise exc
  File "/home/ben/CU_PPP/backend/tmp_venv/lib/python3.11/site-packages/starlette/middleware/errors.py", line 165, in __call__
    await self.app(scope, receive, _send)
  File "/home/ben/CU_PPP/backend/tmp_venv/lib/python3.11/site-packages/starlette/middleware/cors.py", line 85, in __call__
    await self.app(scope, receive, send)
  File "/home/ben/CU_PPP/backend/tmp_venv/lib/python3.11/site-packages/starlette/middleware/base.py", line 177, in __call__
    with recv_stream, send_stream, collapse_excgroups():
  File "/usr/lib/python3.11/contextlib.py", line 155, in __exit__
    self.gen.throw(typ, value, traceback)
  File "/home/ben/CU_PPP/backend/tmp_venv/lib/python3.11/site-packages/starlette/_utils.py", line 82, in collapse_excgroups
    raise exc
  File "/home/ben/CU_PPP/backend/tmp_venv/lib/python3.11/site-packages/starlette/middleware/base.py", line 179, in __call__
    response = await self.dispatch_func(request, call_next)
               ^^^^^^^^^^^^^^^^^^^^^^^^^^^^^^^^^^^^^^^^^^^^
  File "/home/ben/CU_PPP/backend/oc4ids_datastore_api/middleware.py", line 17, in dispatch
    response = await call_next(request)
               ^^^^^^^^^^^^^^^^^^^^^^^^
  File "/home/ben/CU_PPP/backend/tmp_venv/lib/python3.11/site-packages/starlette/middleware/base.py", line 154, in call_next
    raise app_exc
  File "/home/ben/CU_PPP/backend/tmp_venv/lib/python3.11/site-packages/starlette/middleware/base.py", line 141, in coro
    await self.app(scope, receive_or_disconnect, send_no_error)
  File "/home/ben/CU_PPP/backend/tmp_venv/lib/python3.11/site-packages/starlette/middleware/exceptions.py", line 62, in __call__
    await wrap_app_handling_exceptions(self.app, conn)(scope, receive, send)
  File "/home/ben/CU_PPP/backend/tmp_venv/lib/python3.11/site-packages/starlette/_exception_handler.py", line 53, in wrapped_app
    raise exc
  File "/home/ben/CU_PPP/backend/tmp_venv/lib/python3.11/site-packages/starlette/_exception_handler.py", line 42, in wrapped_app
    await app(scope, receive, sender)
  File "/home/ben/CU_PPP/backend/tmp_venv/lib/python3.11/site-packages/starlette/routing.py", line 715, in __call__
    await self.middleware_stack(scope, receive, send)
  File "/home/ben/CU_PPP/backend/tmp_venv/lib/python3.11/site-packages/starlette/routing.py", line 735, in app
    await route.handle(scope, receive, send)
  File "/home/ben/CU_PPP/backend/tmp_venv/lib/python3.11/site-packages/starlette/routing.py", line 288, in handle
    await self.app(scope, receive, send)
  File "/home/ben/CU_PPP/backend/tmp_venv/lib/python3.11/site-packages/starlette/routing.py", line 76, in app
    await wrap_app_handling_exceptions(app, request)(scope, receive, send)
  File "/home/ben/CU_PPP/backend/tmp_venv/lib/python3.11/site-packages/starlette/_exception_handler.py", line 53, in wrapped_app
    raise exc
  File "/home/ben/CU_PPP/backend/tmp_venv/lib/python3.11/site-packages/starlette/_exception_handler.py", line 42, in wrapped_app
    await app(scope, receive, sender)
  File "/home/ben/CU_PPP/backend/tmp_venv/lib/python3.11/site-packages/starlette/routing.py", line 73, in app
    response = await f(request)
               ^^^^^^^^^^^^^^^^
  File "/home/ben/CU_PPP/backend/tmp_venv/lib/python3.11/site-packages/fastapi/routing.py", line 301, in app
    raw_response = await run_endpoint_function(
                   ^^^^^^^^^^^^^^^^^^^^^^^^^^^^
  File "/home/ben/CU_PPP/backend/tmp_venv/lib/python3.11/site-packages/fastapi/routing.py", line 214, in run_endpoint_function
    return await run_in_threadpool(dependant.call, **values)
           ^^^^^^^^^^^^^^^^^^^^^^^^^^^^^^^^^^^^^^^^^^^^^^^^^
  File "/home/ben/CU_PPP/backend/tmp_venv/lib/python3.11/site-packages/starlette/concurrency.py", line 37, in run_in_threadpool
    return await anyio.to_thread.run_sync(func)
           ^^^^^^^^^^^^^^^^^^^^^^^^^^^^^^^^^^^^
  File "/home/ben/CU_PPP/backend/tmp_venv/lib/python3.11/site-packages/anyio/to_thread.py", line 56, in run_sync
    return await get_async_backend().run_sync_in_worker_thread(
           ^^^^^^^^^^^^^^^^^^^^^^^^^^^^^^^^^^^^^^^^^^^^^^^^^^^^
  File "/home/ben/CU_PPP/backend/tmp_venv/lib/python3.11/site-packages/anyio/_backends/_asyncio.py", line 2461, in run_sync_in_worker_thread
    return await future
           ^^^^^^^^^^^^
  File "/home/ben/CU_PPP/backend/tmp_venv/lib/python3.11/site-packages/anyio/_backends/_asyncio.py", line 962, in run
    result = context.run(func, *args)
             ^^^^^^^^^^^^^^^^^^^^^^^^
  File "/home/ben/CU_PPP/backend/oc4ids_datastore_api/controllers.py", line 100, in get_info
    return get_reference_info(session)
           ^^^^^^^^^^^^^^^^^^^^^^^^^^^
  File "/home/ben/CU_PPP/backend/oc4ids_datastore_api/services.py", line 805, in get_reference_info
    dao = ReferenceDataDAO(session)
          ^^^^^^^^^^^^^^^^
NameError: name 'ReferenceDataDAO' is not defined
